TN:
SF:content.js
FN:3,(anonymous_0)
FN:12,(anonymous_1)
FN:26,(anonymous_2)
FN:76,(anonymous_3)
FN:79,(anonymous_4)
FN:89,(anonymous_5)
FN:105,(anonymous_6)
FN:114,(anonymous_7)
FN:120,(anonymous_8)
FN:176,(anonymous_9)
FN:178,(anonymous_10)
FN:182,(anonymous_11)
FN:184,(anonymous_12)
FN:201,(anonymous_13)
FN:215,(anonymous_14)
FN:249,(anonymous_15)
FN:273,(anonymous_16)
FN:275,(anonymous_17)
FN:291,(anonymous_18)
FN:311,(anonymous_19)
FN:332,(anonymous_20)
FN:336,(anonymous_21)
FN:346,(anonymous_22)
FN:347,(anonymous_23)
FN:361,(anonymous_24)
FN:366,(anonymous_25)
FN:435,(anonymous_26)
FN:441,(anonymous_27)
FN:455,(anonymous_28)
FN:544,(anonymous_29)
FN:578,(anonymous_30)
FN:586,(anonymous_31)
FN:628,(anonymous_32)
FN:662,(anonymous_33)
FN:728,(anonymous_34)
FN:742,(anonymous_35)
FN:743,(anonymous_36)
FN:751,(anonymous_37)
FN:752,(anonymous_38)
FN:783,(anonymous_39)
FN:784,(anonymous_40)
FN:856,(anonymous_41)
FN:890,(anonymous_42)
FN:931,(anonymous_43)
FNF:44
FNH:0
FNDA:0,(anonymous_0)
FNDA:0,(anonymous_1)
FNDA:0,(anonymous_2)
FNDA:0,(anonymous_3)
FNDA:0,(anonymous_4)
FNDA:0,(anonymous_5)
FNDA:0,(anonymous_6)
FNDA:0,(anonymous_7)
FNDA:0,(anonymous_8)
FNDA:0,(anonymous_9)
FNDA:0,(anonymous_10)
FNDA:0,(anonymous_11)
FNDA:0,(anonymous_12)
FNDA:0,(anonymous_13)
FNDA:0,(anonymous_14)
FNDA:0,(anonymous_15)
FNDA:0,(anonymous_16)
FNDA:0,(anonymous_17)
FNDA:0,(anonymous_18)
FNDA:0,(anonymous_19)
FNDA:0,(anonymous_20)
FNDA:0,(anonymous_21)
FNDA:0,(anonymous_22)
FNDA:0,(anonymous_23)
FNDA:0,(anonymous_24)
FNDA:0,(anonymous_25)
FNDA:0,(anonymous_26)
FNDA:0,(anonymous_27)
FNDA:0,(anonymous_28)
FNDA:0,(anonymous_29)
FNDA:0,(anonymous_30)
FNDA:0,(anonymous_31)
FNDA:0,(anonymous_32)
FNDA:0,(anonymous_33)
FNDA:0,(anonymous_34)
FNDA:0,(anonymous_35)
FNDA:0,(anonymous_36)
FNDA:0,(anonymous_37)
FNDA:0,(anonymous_38)
FNDA:0,(anonymous_39)
FNDA:0,(anonymous_40)
FNDA:0,(anonymous_41)
FNDA:0,(anonymous_42)
FNDA:0,(anonymous_43)
DA:4,0
DA:5,0
DA:6,0
DA:7,0
DA:8,0
DA:9,0
DA:13,0
DA:14,0
DA:15,0
DA:18,0
DA:19,0
DA:20,0
DA:22,0
DA:23,0
DA:28,0
DA:29,0
DA:30,0
DA:41,0
DA:42,0
DA:72,0
DA:73,0
DA:76,0
DA:80,0
DA:81,0
DA:82,0
DA:84,0
DA:85,0
DA:86,0
DA:90,0
DA:93,0
DA:94,0
DA:95,0
DA:98,0
DA:99,0
DA:102,0
DA:106,0
DA:107,0
DA:108,0
DA:110,0
DA:111,0
DA:115,0
DA:116,0
DA:121,0
DA:122,0
DA:123,0
DA:125,0
DA:128,0
DA:129,0
DA:130,0
DA:131,0
DA:134,0
DA:135,0
DA:136,0
DA:137,0
DA:140,0
DA:147,0
DA:148,0
DA:151,0
DA:152,0
DA:153,0
DA:167,0
DA:168,0
DA:169,0
DA:170,0
DA:172,0
DA:177,0
DA:178,0
DA:184,0
DA:185,0
DA:186,0
DA:187,0
DA:191,0
DA:194,0
DA:195,0
DA:198,0
DA:199,0
DA:201,0
DA:203,0
DA:204,0
DA:209,0
DA:210,0
DA:211,0
DA:216,0
DA:218,0
DA:221,0
DA:249,0
DA:250,0
DA:251,0
DA:252,0
DA:253,0
DA:261,0
DA:264,0
DA:265,0
DA:267,0
DA:268,0
DA:274,0
DA:275,0
DA:276,0
DA:277,0
DA:280,0
DA:281,0
DA:289,0
DA:290,0
DA:291,0
DA:292,0
DA:293,0
DA:294,0
DA:297,0
DA:300,0
DA:301,0
DA:302,0
DA:313,0
DA:314,0
DA:315,0
DA:322,0
DA:329,0
DA:330,0
DA:332,0
DA:333,0
DA:334,0
DA:336,0
DA:337,0
DA:339,0
DA:340,0
DA:341,0
DA:342,0
DA:343,0
DA:344,0
DA:346,0
DA:347,0
DA:348,0
DA:349,0
DA:352,0
DA:358,0
DA:361,0
DA:367,0
DA:369,0
DA:370,0
DA:371,0
DA:372,0
DA:373,0
DA:375,0
DA:380,0
DA:396,0
DA:397,0
DA:400,0
DA:411,0
DA:412,0
DA:413,0
DA:414,0
DA:415,0
DA:418,0
DA:421,0
DA:437,0
DA:438,0
DA:441,0
DA:442,0
DA:443,0
DA:445,0
DA:446,0
DA:447,0
DA:448,0
DA:449,0
DA:450,0
DA:452,0
DA:453,0
DA:454,0
DA:455,0
DA:456,0
DA:459,0
DA:461,0
DA:465,0
DA:470,0
DA:471,0
DA:472,0
DA:473,0
DA:476,0
DA:481,0
DA:484,0
DA:485,0
DA:486,0
DA:487,0
DA:490,0
DA:491,0
DA:492,0
DA:493,0
DA:494,0
DA:496,0
DA:500,0
DA:501,0
DA:508,0
DA:517,0
DA:518,0
DA:520,0
DA:521,0
DA:522,0
DA:526,0
DA:527,0
DA:528,0
DA:532,0
DA:542,0
DA:544,0
DA:547,0
DA:550,0
DA:552,0
DA:553,0
DA:554,0
DA:555,0
DA:556,0
DA:557,0
DA:558,0
DA:559,0
DA:560,0
DA:561,0
DA:562,0
DA:566,0
DA:576,0
DA:578,0
DA:588,0
DA:589,0
DA:596,0
DA:597,0
DA:604,0
DA:605,0
DA:612,0
DA:613,0
DA:619,0
DA:629,0
DA:631,0
DA:632,0
DA:639,0
DA:641,0
DA:642,0
DA:643,0
DA:644,0
DA:645,0
DA:646,0
DA:648,0
DA:651,0
DA:663,0
DA:664,0
DA:667,0
DA:668,0
DA:671,0
DA:673,0
DA:677,0
DA:680,0
DA:684,0
DA:687,0
DA:690,0
DA:693,0
DA:696,0
DA:699,0
DA:702,0
DA:705,0
DA:709,0
DA:710,0
DA:711,0
DA:712,0
DA:713,0
DA:714,0
DA:715,0
DA:716,0
DA:718,0
DA:729,0
DA:731,0
DA:732,0
DA:733,0
DA:741,0
DA:743,0
DA:744,0
DA:745,0
DA:747,0
DA:752,0
DA:757,0
DA:758,0
DA:759,0
DA:768,0
DA:769,0
DA:773,0
DA:781,0
DA:784,0
DA:788,0
DA:791,0
DA:794,0
DA:795,0
DA:798,0
DA:799,0
DA:800,0
DA:803,0
DA:804,0
DA:805,0
DA:808,0
DA:809,0
DA:810,0
DA:813,0
DA:814,0
DA:815,0
DA:818,0
DA:819,0
DA:820,0
DA:823,0
DA:824,0
DA:825,0
DA:828,0
DA:829,0
DA:830,0
DA:833,0
DA:834,0
DA:835,0
DA:838,0
DA:839,0
DA:840,0
DA:844,0
DA:845,0
DA:848,0
DA:857,0
DA:858,0
DA:859,0
DA:861,0
DA:862,0
DA:866,0
DA:868,0
DA:869,0
DA:870,0
DA:873,0
DA:874,0
DA:875,0
DA:878,0
DA:879,0
DA:884,0
DA:887,0
DA:890,0
DA:891,0
DA:892,0
DA:895,0
DA:896,0
DA:897,0
DA:898,0
DA:901,0
DA:902,0
DA:903,0
DA:906,0
DA:907,0
DA:910,0
DA:911,0
DA:912,0
DA:916,0
DA:919,0
DA:922,0
DA:923,0
DA:927,0
DA:931,0
DA:932,0
DA:933,0
DA:934,0
LF:356
LH:0
BRDA:12,0,0,0
BRDA:12,1,0,0
BRDA:13,2,0,0
BRDA:13,2,1,0
BRDA:90,3,0,0
BRDA:90,3,1,0
BRDA:93,4,0,0
BRDA:93,4,1,0
BRDA:106,5,0,0
BRDA:106,5,1,0
BRDA:115,6,0,0
BRDA:115,6,1,0
BRDA:125,7,0,0
BRDA:125,7,1,0
BRDA:125,8,0,0
BRDA:125,8,1,0
BRDA:134,9,0,0
BRDA:134,9,1,0
BRDA:134,10,0,0
BRDA:134,10,1,0
BRDA:143,11,0,0
BRDA:143,11,1,0
BRDA:144,12,0,0
BRDA:144,12,1,0
BRDA:168,13,0,0
BRDA:168,13,1,0
BRDA:169,14,0,0
BRDA:169,14,1,0
BRDA:186,15,0,0
BRDA:186,15,1,0
BRDA:186,16,0,0
BRDA:186,16,1,0
BRDA:194,17,0,0
BRDA:194,17,1,0
BRDA:198,18,0,0
BRDA:198,18,1,0
BRDA:198,19,0,0
BRDA:198,19,1,0
BRDA:203,20,0,0
BRDA:203,20,1,0
BRDA:209,21,0,0
BRDA:209,21,1,0
BRDA:216,22,0,0
BRDA:216,22,1,0
BRDA:216,23,0,0
BRDA:216,23,1,0
BRDA:251,24,0,0
BRDA:251,24,1,0
BRDA:251,25,0,0
BRDA:251,25,1,0
BRDA:251,25,2,0
BRDA:251,25,3,0
BRDA:251,25,4,0
BRDA:280,26,0,0
BRDA:280,26,1,0
BRDA:280,27,0,0
BRDA:280,27,1,0
BRDA:280,27,2,0
BRDA:293,28,0,0
BRDA:293,28,1,0
BRDA:293,29,0,0
BRDA:293,29,1,0
BRDA:293,29,2,0
BRDA:313,30,0,0
BRDA:313,30,1,0
BRDA:313,31,0,0
BRDA:313,31,1,0
BRDA:337,32,0,0
BRDA:337,32,1,0
BRDA:370,33,0,0
BRDA:370,33,1,0
BRDA:372,34,0,0
BRDA:372,34,1,0
BRDA:424,35,0,0
BRDA:424,35,1,0
BRDA:425,36,0,0
BRDA:425,36,1,0
BRDA:428,37,0,0
BRDA:428,37,1,0
BRDA:443,38,0,0
BRDA:443,38,1,0
BRDA:450,39,0,0
BRDA:450,39,1,0
BRDA:450,40,0,0
BRDA:450,40,1,0
BRDA:472,41,0,0
BRDA:472,41,1,0
BRDA:472,42,0,0
BRDA:472,42,1,0
BRDA:491,43,0,0
BRDA:491,43,1,0
BRDA:493,44,0,0
BRDA:493,44,1,0
BRDA:520,45,0,0
BRDA:520,45,1,0
BRDA:521,46,0,0
BRDA:521,46,1,0
BRDA:521,47,0,0
BRDA:521,47,1,0
BRDA:552,48,0,0
BRDA:552,48,1,0
BRDA:553,49,0,0
BRDA:553,49,1,0
BRDA:555,50,0,0
BRDA:555,50,1,0
BRDA:557,51,0,0
BRDA:557,51,1,0
BRDA:557,52,0,0
BRDA:557,52,1,0
BRDA:559,53,0,0
BRDA:559,53,1,0
BRDA:559,54,0,0
BRDA:559,54,1,0
BRDA:561,55,0,0
BRDA:561,55,1,0
BRDA:588,56,0,0
BRDA:588,56,1,0
BRDA:596,57,0,0
BRDA:596,57,1,0
BRDA:604,58,0,0
BRDA:604,58,1,0
BRDA:612,59,0,0
BRDA:612,59,1,0
BRDA:631,60,0,0
BRDA:631,60,1,0
BRDA:641,61,0,0
BRDA:641,61,1,0
BRDA:641,62,0,0
BRDA:641,62,1,0
BRDA:643,63,0,0
BRDA:643,63,1,0
BRDA:645,64,0,0
BRDA:645,64,1,0
BRDA:663,65,0,0
BRDA:663,65,1,0
BRDA:663,66,0,0
BRDA:663,66,1,0
BRDA:671,67,0,0
BRDA:671,67,1,0
BRDA:671,67,2,0
BRDA:671,67,3,0
BRDA:671,67,4,0
BRDA:671,67,5,0
BRDA:671,67,6,0
BRDA:671,67,7,0
BRDA:671,67,8,0
BRDA:671,67,9,0
BRDA:671,67,10,0
BRDA:671,67,11,0
BRDA:671,67,12,0
BRDA:671,67,13,0
BRDA:709,68,0,0
BRDA:709,68,1,0
BRDA:709,69,0,0
BRDA:709,69,1,0
BRDA:711,70,0,0
BRDA:711,70,1,0
BRDA:711,71,0,0
BRDA:711,71,1,0
BRDA:713,72,0,0
BRDA:713,72,1,0
BRDA:713,73,0,0
BRDA:713,73,1,0
BRDA:715,74,0,0
BRDA:715,74,1,0
BRDA:715,75,0,0
BRDA:715,75,1,0
BRDA:732,76,0,0
BRDA:732,76,1,0
BRDA:744,77,0,0
BRDA:744,77,1,0
BRDA:758,78,0,0
BRDA:758,78,1,0
BRDA:794,79,0,0
BRDA:794,79,1,0
BRDA:798,80,0,0
BRDA:798,80,1,0
BRDA:803,81,0,0
BRDA:803,81,1,0
BRDA:808,82,0,0
BRDA:808,82,1,0
BRDA:813,83,0,0
BRDA:813,83,1,0
BRDA:818,84,0,0
BRDA:818,84,1,0
BRDA:823,85,0,0
BRDA:823,85,1,0
BRDA:823,86,0,0
BRDA:823,86,1,0
BRDA:828,87,0,0
BRDA:828,87,1,0
BRDA:828,88,0,0
BRDA:828,88,1,0
BRDA:833,89,0,0
BRDA:833,89,1,0
BRDA:838,90,0,0
BRDA:838,90,1,0
BRDA:861,91,0,0
BRDA:861,91,1,0
BRDA:868,92,0,0
BRDA:868,92,1,0
BRDA:873,93,0,0
BRDA:873,93,1,0
BRDA:892,94,0,0
BRDA:892,94,1,0
BRDA:892,94,2,0
BRDA:892,94,3,0
BRDA:892,94,4,0
BRDA:895,95,0,0
BRDA:895,95,1,0
BRDA:932,96,0,0
BRDA:932,96,1,0
BRDA:933,97,0,0
BRDA:933,97,1,0
BRF:214
BRH:0
end_of_record
TN:
SF:popup.js
FN:2,(anonymous_0)
FN:19,(anonymous_1)
FN:24,(anonymous_2)
FN:29,(anonymous_3)
FN:54,(anonymous_4)
FN:67,(anonymous_5)
FN:85,toggleButtons
FN:95,showStatus
FN:100,(anonymous_8)
FN:105,checkSelectorState
FN:128,setupTooltipAccessibility
FN:135,(anonymous_11)
FN:150,(anonymous_12)
FN:158,(anonymous_13)
FN:160,(anonymous_14)
FN:171,(anonymous_15)
FN:184,(anonymous_16)
FNF:17
FNH:0
FNDA:0,(anonymous_0)
FNDA:0,(anonymous_1)
FNDA:0,(anonymous_2)
FNDA:0,(anonymous_3)
FNDA:0,(anonymous_4)
FNDA:0,(anonymous_5)
FNDA:0,toggleButtons
FNDA:0,showStatus
FNDA:0,(anonymous_8)
FNDA:0,checkSelectorState
FNDA:0,setupTooltipAccessibility
FNDA:0,(anonymous_11)
FNDA:0,(anonymous_12)
FNDA:0,(anonymous_13)
FNDA:0,(anonymous_14)
FNDA:0,(anonymous_15)
FNDA:0,(anonymous_16)
DA:2,0
DA:3,0
DA:4,0
DA:5,0
DA:6,0
DA:7,0
DA:10,0
DA:11,0
DA:12,0
DA:16,0
DA:19,0
DA:20,0
DA:24,0
DA:25,0
DA:29,0
DA:30,0
DA:33,0
DA:39,0
DA:40,0
DA:43,0
DA:44,0
DA:50,0
DA:51,0
DA:54,0
DA:57,0
DA:58,0
DA:59,0
DA:61,0
DA:67,0
DA:68,0
DA:70,0
DA:71,0
DA:72,0
DA:73,0
DA:75,0
DA:80,0
DA:83,0
DA:86,0
DA:87,0
DA:88,0
DA:90,0
DA:91,0
DA:96,0
DA:97,0
DA:98,0
DA:100,0
DA:101,0
DA:106,0
DA:109,0
DA:113,0
DA:116,0
DA:117,0
DA:118,0
DA:119,0
DA:120,0
DA:124,0
DA:129,0
DA:130,0
DA:132,0
DA:135,0
DA:136,0
DA:137,0
DA:139,0
DA:140,0
DA:141,0
DA:142,0
DA:144,0
DA:145,0
DA:150,0
DA:151,0
DA:152,0
DA:153,0
DA:158,0
DA:160,0
DA:161,0
DA:162,0
DA:163,0
DA:171,0
DA:172,0
DA:173,0
DA:174,0
DA:175,0
DA:177,0
DA:178,0
DA:180,0
DA:181,0
DA:182,0
DA:183,0
DA:184,0
LF:89
LH:0
BRDA:11,0,0,0
BRDA:11,0,1,0
BRDA:16,1,0,0
BRDA:16,1,1,0
BRDA:33,2,0,0
BRDA:33,2,1,0
BRDA:33,3,0,0
BRDA:33,3,1,0
BRDA:33,3,2,0
BRDA:33,3,3,0
BRDA:33,3,4,0
BRDA:33,3,5,0
BRDA:58,4,0,0
BRDA:58,4,1,0
BRDA:86,5,0,0
BRDA:86,5,1,0
BRDA:95,6,0,0
BRDA:109,7,0,0
BRDA:109,7,1,0
BRDA:109,8,0,0
BRDA:109,8,1,0
BRDA:109,8,2,0
BRDA:109,8,3,0
BRDA:118,9,0,0
BRDA:118,9,1,0
BRDA:118,10,0,0
BRDA:118,10,1,0
BRDA:132,11,0,0
BRDA:132,11,1,0
BRDA:132,12,0,0
BRDA:132,12,1,0
BRDA:136,13,0,0
BRDA:136,13,1,0
BRDA:136,14,0,0
BRDA:136,14,1,0
BRDA:140,15,0,0
BRDA:140,15,1,0
BRDA:141,16,0,0
BRDA:141,16,1,0
BRDA:142,17,0,0
BRDA:142,17,1,0
BRDA:151,18,0,0
BRDA:151,18,1,0
BRDA:161,19,0,0
BRDA:161,19,1,0
BRDA:172,20,0,0
BRDA:172,20,1,0
BRDA:180,21,0,0
BRDA:180,21,1,0
BRF:49
BRH:0
end_of_record
